[web.archive.org/web/20221126112509/https_/www.funintec.org.ar/videos-ambiente-y-desarrollo/index.html]
[archive.org/includes/athena.js]
[web-static.archive.org/_static/js/bundle-playbackffba.js]
[web-static.archive.org/_static/js/wombat9b8c.js]
[web-static.archive.org/_static/js/ruffle/ruffle.js]
[web-static.archive.org/_static/css/banner-styles074f.css]
[backblue.gif]
[fade.gif]
[index.html]
[web-static.archive.org/_static/css/iconochive29a7.css]
[web.archive.org/web/20221126112509cs_/https_/www.funintec.org.ar/_dev/wp-content/cache/min/1/_dev/wp-content/plugins/contact-form-7/includes/css/styles006b.css]
[web.archive.org/web/20221126112509cs_/https_/www.funintec.org.ar/_dev/wp-content/cache/min/1/_dev/wp-content/plugins/essential-grid/public/assets/css/settings043b.css]
[web.archive.org/web/20221126112509cs_/https_/www.funintec.org.ar/_dev/wp-content/cache/min/1/_dev/wp-content/plugins/essential-grid/public/assets/font/fontello/css/fontello043b.css]
[web.archive.org/web/20221101223234im_/https_/www.funintec.org.ar/_dev/wp-content/themes/Divi/includes/builder/styles/images/preloader.gif]
[web.archive.org/web/20221126112509/https_/www.funintec.org.ar/_dev/wp-content/cache/min/1/_dev/wp-content/et-cache/6109/et-divi-dynamic-tb-6473-6109d04f.css]
[web.archive.org/web/20221126112509cs_/https_/www.funintec.org.ar/_dev/wp-content/cache/min/1/_dev/wp-content/themes/Divi-Space-Child/style043b.css]
[web.archive.org/web/20221101224548im_/https_/www.funintec.org.ar/_dev/wp-content/uploads/favicon.png]
[web.archive.org/web/20221126112509cs_/https_/www.funintec.org.ar/_dev/wp-content/et-cache/global/et-divi-customizer-global.minf990.css]
[web-static.archive.org/_static/images/toolbar/wayback-toolbar-logo-200.png]
[web-static.archive.org/_static/images/loading.gif]
[web.archive.org/web/20221126112509im_/https_/www.funintec.org.ar/_dev/wp-content/uploads/Cambio_Climatico_1.jpg]
[web.archive.org/web/20221126112509im_/https_/www.funintec.org.ar/_dev/wp-content/uploads/caratula-you-tube.jpg]
[web.archive.org/web/20221126112509im_/https_/www.funintec.org.ar/_dev/wp-content/uploads/23.png]
[web.archive.org/web/20221126112509js_/https_/www.funintec.org.ar/_dev/wp-content/cache/min/1/_dev/wp-content/plugins/contact-form-7/includes/swv/js/index006b.js]
[web.archive.org/web/20221126112509js_/https_/www.funintec.org.ar/_dev/wp-content/cache/min/1/_dev/wp-content/plugins/contact-form-7/includes/js/index006b.js]
[web.archive.org/web/20230128095041js_/https_/www.funintec.org.ar/_dev/wp-includes/js/jquery/jquery.mina7a0.js]
[web.archive.org/web/20221027193147js_/https_/www.funintec.org.ar/_dev/wp-includes/js/jquery/jquery-migrate.mind617.js]
[web.archive.org/web/20230128104627js_/https_/www.funintec.org.ar/_dev/wp-includes/js/jquery/ui/effect.min3f14.js]
[web.archive.org/web/20221126112509js_/https_/www.funintec.org.ar/_dev/wp-content/themes/Divi/js/scripts.min0349.js]
[web.archive.org/web/20221126112509js_/https_/www.funintec.org.ar/_dev/wp-content/cache/min/1/_dev/wp-content/themes/Divi/js/smoothscroll043b.js]
[web.archive.org/web/20221126112509js_/https_/www.funintec.org.ar/_dev/wp-content/cache/min/1/_dev/wp-content/themes/Divi/includes/builder/feature/dynamic-assets/assets/js/jquery.fitvids043b.js]
[web.archive.org/web/20221126112509js_/https_/www.funintec.org.ar/_dev/wp-content/cache/min/1/_dev/wp-content/themes/Divi/core/admin/js/common043b.js]
[web.archive.org/web/20221103184113js_/https_/www.funintec.org.ar/_dev/wp-content/plugins/essential-grid/public/assets/js/rbtools.min097f.js]
[web.archive.org/web/20221101084731js_/https_/www.funintec.org.ar/_dev/wp-content/plugins/essential-grid/public/assets/js/esg.min952b.js]
[web.archive.org/web/20221126112509im_/https_/www.funintec.org.ar/_dev/wp-content/uploads/ambiente-desarrollo-2.png]
[web.archive.org/web/20221027190751im_/https_/www.funintec.org.ar/_dev/wp-content/uploads/futuros-alterados-trama.png]
[web.archive.org/web/20221126112509/https_/www.funintec.org.ar/videos-ambiente-y-desarrollo/index.html]
[athena.archive.org/0.gif]
[archive.org/includes/athena.js]
[web-static.archive.org/_static/css/banner-styles074f.css]
[web-static.archive.org/_static/css/iconochive29a7.css]
[web.archive.org/web/20221126112509cs_/https_/www.funintec.org.ar/_dev/wp-content/cache/min/1/_dev/wp-content/plugins/contact-form-7/includes/css/styles006b.html]
[web.archive.org/web/20221126112509cs_/https_/www.funintec.org.ar/_dev/wp-content/cache/min/1/_dev/wp-content/plugins/essential-grid/public/assets/css/settings043b.html]
[web.archive.org/web/20221126112509cs_/https_/www.funintec.org.ar/_dev/wp-content/cache/min/1/_dev/wp-content/plugins/essential-grid/public/assets/font/fontello/css/fontello043b.html]
[web.archive.org/web/20221126112509/https_/www.funintec.org.ar/_dev/wp-content/cache/min/1/_dev/wp-content/et-cache/6109/et-divi-dynamic-tb-6473-6109d04f.html]
[web.archive.org/web/20221126112509cs_/https_/www.funintec.org.ar/_dev/wp-content/cache/min/1/_dev/wp-content/themes/Divi-Space-Child/style043b.html]
[web.archive.org/web/20221126112509cs_/https_/www.funintec.org.ar/_dev/wp-content/et-cache/global/et-divi-customizer-global.minf990.html]
[web.archive.org/web/20221126112509im_/https_/www.funintec.org.ar/_dev/wp-content/uploads/Cambio_Climatico_1.html]
[web.archive.org/web/20221126112509im_/https_/www.funintec.org.ar/_dev/wp-content/uploads/caratula-you-tube.html]
[web.archive.org/web/20221126112509im_/https_/www.funintec.org.ar/_dev/wp-content/uploads/23.html]
[web.archive.org/web/20221126112509js_/https_/www.funintec.org.ar/_dev/wp-content/cache/min/1/_dev/wp-content/plugins/contact-form-7/includes/swv/js/index006b.html]
[web.archive.org/web/20221126112509js_/https_/www.funintec.org.ar/_dev/wp-content/cache/min/1/_dev/wp-content/plugins/contact-form-7/includes/js/index006b.html]
[web.archive.org/web/20221126112509js_/https_/www.funintec.org.ar/_dev/wp-content/themes/Divi/js/scripts.min0349.html]
[web.archive.org/web/20221126112509js_/https_/www.funintec.org.ar/_dev/wp-content/cache/min/1/_dev/wp-content/themes/Divi/js/smoothscroll043b.html]
[web.archive.org/web/20221126112509js_/https_/www.funintec.org.ar/_dev/wp-content/cache/min/1/_dev/wp-content/themes/Divi/includes/builder/feature/dynamic-assets/assets/js/jquery.fitvids043b.html]
[web.archive.org/web/20221126112509js_/https_/www.funintec.org.ar/_dev/wp-content/cache/min/1/_dev/wp-content/themes/Divi/core/admin/js/common043b.html]
[web.archive.org/web/20221126112509im_/https_/www.funintec.org.ar/_dev/wp-content/uploads/ambiente-desarrollo-2.html]
